src/app/api/transactions/[id]/checkin/route.ts(79,9): error TS2353: Object literal may only specify known properties, and 'checkedInAt' does not exist in type '(Without<SafeTradeTransactionUpdateInput, SafeTradeTransactionUncheckedUpdateInput> & SafeTradeTransactionUncheckedUpdateInput) | (Without<...> & SafeTradeTransactionUpdateInput)'.
src/app/dashboard/vls/appointments/page.tsx(98,70): error TS18048: 'apt.transaction.items' is possibly 'undefined'.
src/app/escrow/sessions/[sessionId]/page.tsx(186,50): error TS2339: Property 'offerPrice' does not exist on type '{ listing: { id: string; title: string; images: string[]; price: number | null; }; }'.
src/app/merchant/shop/page.tsx(126,62): error TS18046: 'productsRes.value' is of type 'unknown'.
src/app/merchant/shop/page.tsx(127,17): error TS18046: 'productsRes.value' is of type 'unknown'.
src/app/merchant/shop/page.tsx(129,68): error TS18046: 'tournamentsRes.value' is of type 'unknown'.
src/app/merchant/shop/page.tsx(130,17): error TS18046: 'tournamentsRes.value' is of type 'unknown'.
src/app/merchant/shop/page.tsx(132,70): error TS18046: 'transactionsRes.value' is of type 'unknown'.
src/app/merchant/shop/page.tsx(133,17): error TS18046: 'transactionsRes.value' is of type 'unknown'.
src/lib/cloudinary.ts(1,34): error TS2307: Cannot find module 'cloudinary' or its corresponding type declarations.
src/lib/cloudinary.ts(33,8): error TS7006: Parameter 'error' implicitly has an 'any' type.
src/lib/cloudinary.ts(33,15): error TS7006: Parameter 'result' implicitly has an 'any' type.
src/lib/qrcode.ts(8,40): error TS2769: No overload matches this call.
  Overload 1 of 6, '(canvasElement: HTMLCanvasElement, text: string | QRCodeSegment[], options?: QRCodeToDataURLOptions | undefined): Promise<...>', gave the following error.
    Argument of type 'string' is not assignable to parameter of type 'HTMLCanvasElement'.
  Overload 2 of 6, '(text: string | QRCodeSegment[], callback: (error: Error | null | undefined, url: string) => void): void', gave the following error.
    Object literal may only specify known properties, and 'errorCorrectionLevel' does not exist in type '(error: Error | null | undefined, url: string) => void'.
  Overload 3 of 6, '(text: string | QRCodeSegment[], options?: QRCodeToDataURLOptions | undefined): Promise<string>', gave the following error.
    Object literal may only specify known properties, and 'quality' does not exist in type 'QRCodeToDataURLOptionsOther'.
src/lib/qrcode.ts(19,5): error TS2322: Type 'void & Promise<string>' is not assignable to type 'string'.
